Determining if the pthread_create exist failed with the following output:
Change Dir: /home/calderpg/Dropbox/arc-ros-dev/ros_email/build/CMakeFiles/CMakeTmp

Run Build Command:/usr/bin/make "cmTryCompileExec4030761936/fast"
make[1]: Entering directory `/home/calderpg/Dropbox/arc-ros-dev/ros_email/build/CMakeFiles/CMakeTmp'
/usr/bin/make -f CMakeFiles/cmTryCompileExec4030761936.dir/build.make CMakeFiles/cmTryCompileExec4030761936.dir/build
make[2]: Entering directory `/home/calderpg/Dropbox/arc-ros-dev/ros_email/build/CMakeFiles/CMakeTmp'
/usr/bin/cmake -E cmake_progress_report /home/calderpg/Dropbox/arc-ros-dev/ros_email/build/CMakeFiles/CMakeTmp/CMakeFiles 1
Building C object CMakeFiles/cmTryCompileExec4030761936.dir/CheckSymbolExists.c.o
/usr/bin/gcc    -o CMakeFiles/cmTryCompileExec4030761936.dir/CheckSymbolExists.c.o   -c /home/calderpg/Dropbox/arc-ros-dev/ros_email/build/CMakeFiles/CMakeTmp/CheckSymbolExists.c
Linking C executable cmTryCompileExec4030761936
/usr/bin/cmake -E cmake_link_script CMakeFiles/cmTryCompileExec4030761936.dir/link.txt --verbose=1
/usr/bin/gcc         CMakeFiles/cmTryCompileExec4030761936.dir/CheckSymbolExists.c.o  -o cmTryCompileExec4030761936 -rdynamic 
CMakeFiles/cmTryCompileExec4030761936.dir/CheckSymbolExists.c.o: In function `main':
CheckSymbolExists.c:(.text+0x16): undefined reference to `pthread_create'
collect2: error: ld returned 1 exit status
make[2]: Leaving directory `/home/calderpg/Dropbox/arc-ros-dev/ros_email/build/CMakeFiles/CMakeTmp'
make[2]: *** [cmTryCompileExec4030761936] Error 1
make[1]: Leaving directory `/home/calderpg/Dropbox/arc-ros-dev/ros_email/build/CMakeFiles/CMakeTmp'
make[1]: *** [cmTryCompileExec4030761936/fast] Error 2

File /home/calderpg/Dropbox/arc-ros-dev/ros_email/build/CMakeFiles/CMakeTmp/CheckSymbolExists.c:
/* */
#include <pthread.h>

int main(int argc, char** argv)
{
  (void)argv;
#ifndef pthread_create
  return ((int*)(&pthread_create))[argc];
#else
  (void)argc;
  return 0;
#endif
}

Determining if the function pthread_create exists in the pthreads failed with the following output:
Change Dir: /home/calderpg/Dropbox/arc-ros-dev/ros_email/build/CMakeFiles/CMakeTmp

Run Build Command:/usr/bin/make "cmTryCompileExec2601952396/fast"
make[1]: Entering directory `/home/calderpg/Dropbox/arc-ros-dev/ros_email/build/CMakeFiles/CMakeTmp'
/usr/bin/make -f CMakeFiles/cmTryCompileExec2601952396.dir/build.make CMakeFiles/cmTryCompileExec2601952396.dir/build
make[2]: Entering directory `/home/calderpg/Dropbox/arc-ros-dev/ros_email/build/CMakeFiles/CMakeTmp'
/usr/bin/cmake -E cmake_progress_report /home/calderpg/Dropbox/arc-ros-dev/ros_email/build/CMakeFiles/CMakeTmp/CMakeFiles 1
Building C object CMakeFiles/cmTryCompileExec2601952396.dir/CheckFunctionExists.c.o
/usr/bin/gcc   -DCHECK_FUNCTION_EXISTS=pthread_create   -o CMakeFiles/cmTryCompileExec2601952396.dir/CheckFunctionExists.c.o   -c /usr/share/cmake-2.8/Modules/CheckFunctionExists.c
Linking C executable cmTryCompileExec2601952396
/usr/bin/cmake -E cmake_link_script CMakeFiles/cmTryCompileExec2601952396.dir/link.txt --verbose=1
/usr/bin/gcc     -DCHECK_FUNCTION_EXISTS=pthread_create    CMakeFiles/cmTryCompileExec2601952396.dir/CheckFunctionExists.c.o  -o cmTryCompileExec2601952396 -rdynamic -lpthreads 
/usr/bin/ld: cannot find -lpthreads
collect2: error: ld returned 1 exit status
make[2]: *** [cmTryCompileExec2601952396] Error 1
make[2]: Leaving directory `/home/calderpg/Dropbox/arc-ros-dev/ros_email/build/CMakeFiles/CMakeTmp'
make[1]: *** [cmTryCompileExec2601952396/fast] Error 2
make[1]: Leaving directory `/home/calderpg/Dropbox/arc-ros-dev/ros_email/build/CMakeFiles/CMakeTmp'


